09:35:12.979 INFO [GridLauncherV3.parse] - Selenium server version: 3.141.59, revision: e82be7d358
09:35:13.065 INFO [GridLauncherV3.lambda$buildLaunchers$3] - Launching a standalone Selenium Server on port 4444
2022-06-10 09:35:13.130:INFO::main: Logging initialized @494ms to org.seleniumhq.jetty9.util.log.StdErrLog
09:35:13.387 INFO [WebDriverServlet.<init>] - Initialising WebDriverServlet
09:35:13.610 INFO [SeleniumServer.boot] - Selenium Server is up and running on port 4444
09:35:13.797 INFO [ActiveSessionFactory.apply] - Capabilities are: {
  "browserName": "chrome",
  "goog:chromeOptions": {
    "args": [
      "--disable-gpu",
      "--no-sandbox",
      "--lang=en"
    ]
  }
}
09:35:13.797 INFO [ActiveSessionFactory.lambda$apply$11] - Matched factory org.openqa.selenium.grid.session.remote.ServicedSession$Factory (provider: org.openqa.selenium.chrome.ChromeDriverService)
Starting ChromeDriver 102.0.5005.61 (0e59bcc00cc4985ce39ad31c150065f159d95ad3-refs/branch-heads/5005@{#819}) on port 29763
Only local connections are allowed.
Please see https://chromedriver.chromium.org/security-considerations for suggestions on keeping ChromeDriver safe.
ChromeDriver was started successfully.
09:35:15.821 INFO [ProtocolHandshake.createSession] - Detected dialect: W3C
09:35:15.858 INFO [RemoteSession$Factory.lambda$performHandshake$0] - Started new session cc1bd1e851d4c211532b95dfe9c69138 (org.openqa.selenium.chrome.ChromeDriverService)
09:35:33.007 INFO [ActiveSessions$1.onStop] - Removing session cc1bd1e851d4c211532b95dfe9c69138 (org.openqa.selenium.chrome.ChromeDriverService)
